This is pdfTeX, Version 3.1415926-2.5-1.40.14 (TeX Live 2013) (format=latex 2013.7.3)  7 APR 2014 17:16
entering extended mode
 restricted \write18 enabled.
 %&-line parsing enabled.
**-interaction=nonstopmode "--src-specials" \AtBeginDocument{\RequirePackage{ps
latex}} \def\PSLATEXTMP{\futurelet\PSLATEXTMP\PSLATEXTMPB} \def\PSLATEXTMPB{\if
x\PSLATEXTMP\nonstopmode\else\input\fi} \PSLATEXTMP mediator.tex

! Emergency stop.
<*> -interaction=nonstopmode 
                             "--src-specials" \AtBeginDocument{\RequirePacka...
End of file on the terminal!

 
Here is how much of TeX's memory you used:
 3 strings out of 493316
 118 string characters out of 6137931
 52155 words of memory out of 5000000
 3557 multiletter control sequences out of 15000+600000
 3640 words of font info for 14 fonts, out of 8000000 for 9000
 957 hyphenation exceptions out of 8191
 0i,0n,0p,1b,6s stack positions out of 5000i,500n,10000p,200000b,80000s
No pages of output.
